2026-04-05 11:52:28,304 - INFO - Sistema de notificaciones inicializado
2026-04-05 11:52:28,304 - INFO - Iniciando sistema de notificaciones
2026-04-05 11:52:28,510 - INFO - Notificación inicial mostrada (Toast)
2026-04-05 11:52:28,518 - INFO - Iniciando verificación periódica de hora
2026-04-05 11:52:28,518 - INFO - Sistema de notificaciones iniciado correctamente
2026-04-05 12:00:00,523 - INFO - Mostrando notificación de reporte para turno DÍA a las 12:00
2026-04-05 12:00:01,614 - ERROR - Error al mostrar popup de reporte: main thread is not in main loop
2026-04-05 12:00:01,614 - INFO - Usuario seleccionó NO o no respondió
2026-04-05 12:50:11,348 - INFO - Sistema de notificaciones inicializado
2026-04-05 12:50:11,348 - INFO - Iniciando sistema de notificaciones
2026-04-05 12:50:11,349 - INFO - Iniciando verificación periódica de hora
2026-04-05 12:50:11,349 - INFO - Sistema de notificaciones iniciado correctamente
2026-04-05 12:50:52,061 - INFO - Sistema de notificaciones inicializado
2026-04-05 12:50:52,062 - INFO - Iniciando sistema de notificaciones
2026-04-05 12:50:52,062 - INFO - Iniciando verificación periódica de hora
2026-04-05 12:50:52,062 - INFO - Sistema de notificaciones iniciado correctamente
2026-04-05 12:56:51,396 - INFO - Sistema de notificaciones inicializado
2026-04-05 12:56:51,397 - INFO - Iniciando sistema de notificaciones
2026-04-05 12:56:51,397 - INFO - Iniciando verificación periódica de hora
2026-04-05 12:56:51,397 - INFO - Sistema de notificaciones iniciado correctamente
2026-04-07 09:51:24,182 - INFO - Sistema de notificaciones inicializado
2026-04-07 09:51:24,182 - INFO - Iniciando sistema de notificaciones
2026-04-07 09:51:24,183 - INFO - Iniciando verificación periódica de hora
2026-04-07 09:51:24,183 - INFO - Sistema de notificaciones iniciado correctamente
