Consulta: 2026-04-07 09:51:44
URL: https://hst-api.wialon.us/wialon/ajax.html
Unidades en Wialon: 13

--- 1  EUI-621 (ID: 402191563) ---
  Mensajes GPS hoy: 2002
  📍 Última Pos: -4.5864833, -81.2703783 -> SECTORIAL
  ✅ KM hoy: 11.01 | Juris: SECTORIAL

--- 2  EUI-682 (ID: 402191188) ---
  Mensajes GPS hoy: 6348
  📍 Última Pos: -4.5943633, -81.248055 -> T.ALTA
  ✅ KM hoy: 32.79 | Juris: T.ALTA

--- 3  EUI-683 (ID: 402191564) ---
  Mensajes GPS hoy: 3710
  📍 Última Pos: -4.5848366, -81.2602183 -> T.ALTA
  ✅ KM hoy: 24.9 | Juris: T.ALTA

--- 4  EUI-646 (ID: 402191155) ---
  Mensajes GPS hoy: 8037
  📍 Última Pos: -4.5616, -81.2752033 -> SECTORIAL
  ✅ KM hoy: 52.93 | Juris: SECTORIAL

--- 5  EUI-685 (ID: 402191183) ---
  Mensajes GPS hoy: 119
  📍 Última Pos: -4.5875349, -81.2688883 -> SECTORIAL
  ✅ KM hoy: 0.0 | Juris: SECTORIAL

--- 6  EUI-686 (ID: 402191300) ---
  Mensajes GPS hoy: 2693
  📍 Última Pos: -4.5808816, -81.2553283 -> T.ALTA
  ✅ KM hoy: 20.42 | Juris: T.ALTA

--- 7  EUI-679 (ID: 402191378) ---
  Mensajes GPS hoy: 118
  📍 Última Pos: -4.587395, -81.2691633 -> SECTORIAL
  ✅ KM hoy: 0.0 | Juris: SECTORIAL

--- 8  EUI-680 (ID: 402191308) ---
  Mensajes GPS hoy: 6328
  📍 Última Pos: -4.5803683, -81.2729966 -> SECTORIAL
  ✅ KM hoy: 40.92 | Juris: SECTORIAL

--- 9  EUI-645 (ID: 402190601) ---
  Mensajes GPS hoy: 120
  📍 Última Pos: -4.5872866, -81.2691466 -> SECTORIAL
  ✅ KM hoy: 0.0 | Juris: SECTORIAL

--- 10  EUI-647 (ID: 402191562) ---
  Mensajes GPS hoy: 120
  📍 Última Pos: -4.5873149, -81.2691233 -> SECTORIAL
  ✅ KM hoy: 0.0 | Juris: SECTORIAL

--- 11  EUI-668 (ID: 402190862) ---
  Mensajes GPS hoy: 3783
  📍 Última Pos: -4.5888033, -81.2494666 -> T.ALTA
  ✅ KM hoy: 25.85 | Juris: T.ALTA

--- 12  EUI-670 (ID: 402191163) ---
  Mensajes GPS hoy: 2363
  📍 Última Pos: -4.5902899, -81.175625 -> T.ALTA
  ✅ KM hoy: 23.1 | Juris: T.ALTA

--- 13  EUI-671 (ID: 402191561) ---
  Mensajes GPS hoy: 0
  ⚠️ Sin mensajes para hoy